\BOOKMARK [1][-]{section.1}{\376\377\136\217\212\326}{}% 1
\BOOKMARK [2][-]{subsection.1.1}{\376\377\122\006\147\220\060\156\166\356\166\204\060\150\200\314\146\157\377\010\147\000\175\102\212\262\230\114\060\150\060\156\133\376\137\334\377\011}{section.1}% 2
\BOOKMARK [2][-]{subsection.1.2}{\376\377\117\177\165\050\060\307\060\374\060\277\060\156\151\202\211\201}{section.1}% 3
\BOOKMARK [2][-]{subsection.1.3}{\376\377\060\307\060\374\060\277\165\037\142\020\220\116\172\013\060\153\225\242\060\131\060\213\116\356\212\254\377\010\122\162\137\123\060\156\060\271\060\310\060\374\060\352\060\374\377\011}{section.1}% 4
\BOOKMARK [2][-]{subsection.1.4}{\376\377\212\262\230\114\060\153\133\376\060\131\060\213\175\120\147\234\060\156\211\201\175\004\377\010\121\110\212\255\060\177\377\011}{section.1}% 5
\BOOKMARK [2][-]{subsection.1.5}{\376\377\147\054\172\077\060\156\151\313\142\020\060\150\121\052\121\110\230\006\117\115\377\010\060\307\060\374\060\277\060\373\142\113\154\325\060\373\175\120\147\234\377\011}{section.1}% 6
\BOOKMARK [2][-]{subsection.1.6}{\376\377\147\054\172\077\060\156\214\242\163\056\377\010\122\006\147\220\060\321\060\244\060\327\060\351\060\244\060\363\060\150\060\127\060\146\060\156\117\115\177\156\060\145\060\121\377\011}{section.1}% 7
\BOOKMARK [2][-]{subsection.1.7}{\376\377\212\030\123\367\060\150\060\307\060\374\060\277\165\037\142\020}{section.1}% 8
\BOOKMARK [2][-]{subsection.1.8}{\376\377\126\363\210\150\060\156\211\213\145\271\060\150\121\215\163\376\140\047}{section.1}% 9
\BOOKMARK [2][-]{subsection.1.9}{\376\377\147\054\175\350\060\150\116\330\223\062\060\156\212\255\060\177\145\271\377\010\137\171\122\162\122\006\142\305\377\011}{section.1}% 10
\BOOKMARK [1][-]{section.2}{\376\377\143\250\131\150\060\277\060\374\060\262\060\303\060\310\060\156\133\232\177\251\060\150\212\125\117\241\000K\000P\000I}{}% 11
\BOOKMARK [1][-]{section.3}{\376\377\125\117\230\114\212\055\133\232\060\150\213\130\122\045\116\356\133\232}{}% 12
\BOOKMARK [2][-]{subsection.3.1}{\376\377\157\134\127\050\166\204\175\120\147\234\060\150\060\277\060\374\060\262\060\303\060\310}{section.3}% 13
\BOOKMARK [2][-]{subsection.3.2}{\376\377\213\130\122\045\147\141\116\366}{section.3}% 14
\BOOKMARK [2][-]{subsection.3.3}{\376\377\210\334\215\263\377\032\214\374\121\145\060\127\060\204\060\131\060\125\060\156\116\210\156\054\060\150\060\014\130\227\122\006\122\271\147\234\060\015\060\156\220\125\060\104}{section.3}% 15
\BOOKMARK [1][-]{section.4}{\376\377\060\307\060\374\060\277\060\150\143\242\175\042\377\010\122\006\136\003\060\373\147\141\116\366\116\330\060\115\000C\000V\000R\377\011}{}% 16
\BOOKMARK [2][-]{subsection.4.1}{\376\377\124\150\217\272\122\006\136\003\060\150\134\144\122\045\173\261\060\162\060\122}{section.4}% 17
\BOOKMARK [2][-]{subsection.4.2}{\376\377\060\252\060\325\060\241\060\374\060\301\060\343\060\315\060\353\122\045\060\156\147\141\116\366\116\330\060\115\000C\000V\000R}{section.4}% 18
\BOOKMARK [2][-]{subsection.4.3}{\376\377\134\136\140\047\122\045\000\040\000C\000V\000R\377\010\150\322\060\260\060\351\060\325\377\011}{section.4}% 19
\BOOKMARK [1][-]{section.5}{\376\377\131\032\221\315\151\034\133\232\377\010\000F\000D\000R\377\011\060\150\122\271\147\234\221\317}{}% 20
\BOOKMARK [2][-]{subsection.5.1}{\376\377\145\271\154\325}{section.5}% 21
\BOOKMARK [1][-]{section.6}{\376\377\166\370\225\242\060\150\210\334\122\251\166\204\221\315\126\336\136\060\377\010\000h\000i\000s\000t\000o\000r\000y\377\011}{}% 22
\BOOKMARK [2][-]{subsection.6.1}{\376\377\000P\000e\000a\000r\000s\000o\000n\000\040\166\370\225\242\377\010\145\160\120\044\060\373\116\214\120\044\377\011}{section.6}% 23
\BOOKMARK [2][-]{subsection.6.2}{\376\377\000O\000L\000S\377\010\166\356\166\204\131\011\145\160\060\222\000\040\000h\000i\000s\000t\000o\000r\000y\377\011}{section.6}% 24
\BOOKMARK [1][-]{section.7}{\376\377\000L\000S\000I\230\136\117\074\210\150\163\376\060\150\122\006\230\136\060\242\060\326\060\354\060\374\060\267\060\347\060\363}{}% 25
\BOOKMARK [1][-]{section.8}{\376\377\116\210\156\054\060\342\060\307\060\353\377\010\000R\000O\000C\060\373\150\041\153\143\060\373\000P\000R\377\011}{}% 26
\BOOKMARK [2][-]{subsection.8.1}{\376\377\212\125\117\241\143\007\152\031\060\156\141\017\124\163}{section.8}% 27
\BOOKMARK [1][-]{section.9}{\376\377\126\340\147\234\143\250\212\326\377\010\120\276\124\021\060\271\060\263\060\242\060\001\000D\000R\060\001\060\326\060\374\060\310\060\271\060\310\060\351\060\303\060\327\377\011}{}% 28
\BOOKMARK [2][-]{subsection.9.1}{\376\377\000D\000R\000\040\143\250\133\232\221\317\377\010\123\302\200\003\377\011}{section.9}% 29
\BOOKMARK [2][-]{subsection.9.2}{\376\377\133\237\210\305\116\012\060\156\154\350\141\017\377\010\124\014\116\000\060\307\060\374\060\277\133\146\177\322\377\011}{section.9}% 30
\BOOKMARK [2][-]{subsection.9.3}{\376\377\134\144\122\045\060\156\211\263\133\337\135\356\060\150\060\014\161\041\231\304\122\162\137\025\060\015\116\356\212\254\060\170\060\156\143\245\175\232\377\010\123\302\200\003\377\011}{section.9}% 31
\BOOKMARK [1][-]{section.10}{\376\377\147\037\137\205\122\051\166\312\060\373\060\252\060\325\060\335\060\352\060\267\060\374\212\125\117\241\060\373\060\331\060\363\060\301\060\336\060\374\060\257}{}% 32
\BOOKMARK [2][-]{subsection.10.1}{\376\377\147\037\137\205\122\051\166\312\060\156\133\232\177\251\377\010\060\252\060\325\060\351\060\244\060\363\116\343\164\006\377\011}{section.10}% 33
\BOOKMARK [2][-]{subsection.10.2}{\376\377\060\252\060\325\060\335\060\352\060\267\060\374\212\125\117\241\060\156\212\255\060\177\145\271}{section.10}% 34
\BOOKMARK [2][-]{subsection.10.3}{\376\377\122\066\175\004\116\330\060\115\221\115\117\341\377\010\214\252\153\062\217\321\117\074\377\011}{section.10}% 35
\BOOKMARK [1][-]{section.11}{\376\377\060\273\060\260\060\341\060\363\060\310\060\150\230\021\120\145\140\047}{}% 36
\BOOKMARK [2][-]{subsection.11.1}{\376\377\157\134\127\050\172\172\225\223\060\156\123\357\211\226\123\026}{section.11}% 37
\BOOKMARK [2][-]{subsection.11.2}{\376\377\060\273\060\260\060\341\060\363\060\310\121\346\177\156\060\156\211\263\156\054\000C\000V\000R\377\010\143\242\175\042\377\011}{section.11}% 38
\BOOKMARK [1][-]{section.12}{\376\377\133\237\232\023\212\010\165\073\377\010\000R\000C\000T\000/\000A\000/\000B\377\011}{}% 39
\BOOKMARK [1][-]{section.13}{\376\377\060\254\060\320\060\312\060\363\060\271\060\373\120\053\164\006\060\373\116\272\060\156\225\242\116\016}{}% 40
\BOOKMARK [1][-]{section.14}{\376\377\220\113\165\050\060\342\060\313\060\277\060\352\060\363\060\260\060\150\060\244\060\363\060\267\060\307\060\363\060\310\133\376\137\334}{}% 41
\BOOKMARK [1][-]{section.15}{\376\377\060\176\060\150\060\201\060\150\116\312\137\214\060\156\145\271\221\335}{}% 42
\BOOKMARK [2][-]{subsection.15.1}{\376\377\147\000\175\102\212\262\230\114\060\156\121\215\170\272\212\215}{section.15}% 43
\BOOKMARK [2][-]{subsection.15.2}{\376\377\122\006\147\220\175\120\147\234\060\156\211\201\175\004}{section.15}% 44
\BOOKMARK [2][-]{subsection.15.3}{\376\377\140\363\133\232\060\204\166\364\141\037\060\150\165\160\060\152\060\213\175\120\147\234\060\150\060\135\060\156\164\006\165\061}{section.15}% 45
\BOOKMARK [2][-]{subsection.15.4}{\376\377\116\312\137\214\060\156\145\271\221\335\377\010\145\260\145\275\173\126\060\156\143\320\150\110\377\011}{section.15}% 46
\BOOKMARK [2][-]{subsection.15.5}{\376\377\116\012\117\115\060\271\060\263\060\242\134\144\060\222\153\315\226\306\126\343\060\150\060\127\060\137\060\321\060\244\060\355\060\303\060\310\060\156\212\030\217\360\377\010\157\024\177\322\060\307\060\374\060\277\377\011}{section.15}% 47
\BOOKMARK [2][-]{subsection.15.6}{\376\377\217\375\122\240\060\147\153\062\060\127\060\104\060\307\060\374\060\277\377\010\153\041\060\156\122\006\147\220\060\156\060\137\060\201\377\011}{section.15}% 48
\BOOKMARK [2][-]{subsection.15.7}{\376\377\147\054\172\077\060\156\117\115\177\156\060\145\060\121\377\010\060\355\060\374\060\311\060\336\060\303\060\327\377\011}{section.15}% 49
\BOOKMARK [2][-]{subsection.15.8}{\376\377\147\000\175\102\212\262\230\114\060\170\060\156\220\151\124\010\140\047\060\150\145\071\125\204\117\131\127\060\377\010\201\352\135\361\147\373\212\255\377\011}{section.15}% 50
\BOOKMARK [1][-]{appendix.A}{\376\377\226\120\165\114\060\150\121\115\214\254}{}% 51
\BOOKMARK [1][-]{appendix.B}{\376\377\116\330\223\062\377\032\060\307\060\374\060\277\060\271\060\313\060\332\060\303\060\310\060\156\121\215\163\376\145\271\154\325}{}% 52
\BOOKMARK [1][-]{appendix.C}{\376\377\116\330\223\062\377\032\060\263\060\271\060\310\141\037\136\246\210\150\060\156\121\215\163\376\145\271\154\325}{}% 53
\BOOKMARK [1][-]{appendix.D}{\376\377\116\330\223\062\377\032\147\054\145\207\060\147\212\163\217\360\060\127\060\115\060\214\060\152\060\113\060\143\060\137\121\372\122\233\162\151}{}% 54
\BOOKMARK [1][-]{appendix.E}{\376\377\116\330\223\062\377\032\116\356\133\232\060\307\060\374\060\277\060\153\060\210\060\213\210\334\133\214\122\006\147\220\377\010\126\363\210\150\060\373\060\265\060\363\060\327\060\353\060\373\060\263\060\374\060\311\377\011}{}% 55
\BOOKMARK [2][-]{subsection.E.1}{\376\377\116\356\133\232\060\321\060\351\060\341\060\374\060\277\377\010\000J\000S\000O\000N\377\011}{appendix.E}% 56
\BOOKMARK [2][-]{subsection.E.2}{\376\377\060\307\060\374\060\277\060\273\060\303\060\310\142\234\174\213\377\010\157\024\177\322\165\050\000\040\000e\000x\000e\000r\000c\000i\000s\000e\000.\000c\000s\000v\377\011}{appendix.E}% 57
\BOOKMARK [2][-]{subsection.E.3}{\376\377\124\010\142\020\227\062\121\372\060\355\060\260\142\234\174\213}{appendix.E}% 58
\BOOKMARK [2][-]{subsection.E.4}{\376\377\122\006\147\220\060\153\165\050\060\104\060\137\000\040\000P\000y\000t\000h\000o\000n\000\040\060\263\060\374\060\311}{appendix.E}% 59
