C:\Users\yutok\AppData\Local\Programs\Python\Python310\lib\site-packages\umap\umap_.py:1952: UserWarning: n_jobs value 1 overridden to 1 by setting random_state. Use no seed for parallelism.
  warn(
C:\Users\yutok\AppData\Local\Programs\Python\Python310\lib\site-packages\umap\umap_.py:1952: UserWarning: n_jobs value 1 overridden to 1 by setting random_state. Use no seed for parallelism.
  warn(
C:\Users\yutok\AppData\Local\Programs\Python\Python310\lib\site-packages\sklearn\linear_model\_logistic.py:1272: FutureWarning: 'multi_class' was deprecated in version 1.5 and will be removed in 1.8. From then on, it will always use 'multinomial'. Leave it to its default value to avoid this warning.
  warnings.warn(
C:\Users\yutok\AppData\Local\Programs\Python\Python310\lib\site-packages\sklearn\linear_model\_logistic.py:1272: FutureWarning: 'multi_class' was deprecated in version 1.5 and will be removed in 1.8. From then on, it will always use 'multinomial'. Leave it to its default value to avoid this warning.
  warnings.warn(
C:\Users\yutok\AppData\Local\Programs\Python\Python310\lib\site-packages\sklearn\linear_model\_logistic.py:1272: FutureWarning: 'multi_class' was deprecated in version 1.5 and will be removed in 1.8. From then on, it will always use 'multinomial'. Leave it to its default value to avoid this warning.
  warnings.warn(
C:\Users\yutok\AppData\Local\Programs\Python\Python310\lib\site-packages\sklearn\linear_model\_logistic.py:1272: FutureWarning: 'multi_class' was deprecated in version 1.5 and will be removed in 1.8. From then on, it will always use 'multinomial'. Leave it to its default value to avoid this warning.
  warnings.warn(
C:\Users\yutok\AppData\Local\Programs\Python\Python310\lib\site-packages\sklearn\linear_model\_logistic.py:1272: FutureWarning: 'multi_class' was deprecated in version 1.5 and will be removed in 1.8. From then on, it will always use 'multinomial'. Leave it to its default value to avoid this warning.
  warnings.warn(
C:\Users\yutok\AppData\Local\Programs\Python\Python310\lib\site-packages\sklearn\linear_model\_logistic.py:1272: FutureWarning: 'multi_class' was deprecated in version 1.5 and will be removed in 1.8. From then on, it will always use 'multinomial'. Leave it to its default value to avoid this warning.
  warnings.warn(
C:\Users\yutok\AppData\Local\Programs\Python\Python310\lib\site-packages\sklearn\linear_model\_logistic.py:1272: FutureWarning: 'multi_class' was deprecated in version 1.5 and will be removed in 1.8. From then on, it will always use 'multinomial'. Leave it to its default value to avoid this warning.
  warnings.warn(
C:\Users\yutok\AppData\Local\Programs\Python\Python310\lib\site-packages\sklearn\linear_model\_logistic.py:1272: FutureWarning: 'multi_class' was deprecated in version 1.5 and will be removed in 1.8. From then on, it will always use 'multinomial'. Leave it to its default value to avoid this warning.
  warnings.warn(
C:\Users\yutok\AppData\Local\Programs\Python\Python310\lib\site-packages\sklearn\linear_model\_logistic.py:1272: FutureWarning: 'multi_class' was deprecated in version 1.5 and will be removed in 1.8. From then on, it will always use 'multinomial'. Leave it to its default value to avoid this warning.
  warnings.warn(
C:\Users\yutok\AppData\Local\Programs\Python\Python310\lib\site-packages\sklearn\linear_model\_logistic.py:1272: FutureWarning: 'multi_class' was deprecated in version 1.5 and will be removed in 1.8. From then on, it will always use 'multinomial'. Leave it to its default value to avoid this warning.
  warnings.warn(
C:\Users\yutok\AppData\Local\Programs\Python\Python310\lib\site-packages\sklearn\linear_model\_logistic.py:1272: FutureWarning: 'multi_class' was deprecated in version 1.5 and will be removed in 1.8. From then on, it will always use 'multinomial'. Leave it to its default value to avoid this warning.
  warnings.warn(
C:\Users\yutok\AppData\Local\Programs\Python\Python310\lib\site-packages\sklearn\linear_model\_logistic.py:1272: FutureWarning: 'multi_class' was deprecated in version 1.5 and will be removed in 1.8. From then on, it will always use 'multinomial'. Leave it to its default value to avoid this warning.
  warnings.warn(
C:\Users\yutok\AppData\Local\Programs\Python\Python310\lib\site-packages\sklearn\linear_model\_logistic.py:1272: FutureWarning: 'multi_class' was deprecated in version 1.5 and will be removed in 1.8. From then on, it will always use 'multinomial'. Leave it to its default value to avoid this warning.
  warnings.warn(
C:\Users\yutok\AppData\Local\Programs\Python\Python310\lib\site-packages\sklearn\linear_model\_logistic.py:1272: FutureWarning: 'multi_class' was deprecated in version 1.5 and will be removed in 1.8. From then on, it will always use 'multinomial'. Leave it to its default value to avoid this warning.
  warnings.warn(
C:\Users\yutok\AppData\Local\Programs\Python\Python310\lib\site-packages\sklearn\linear_model\_logistic.py:1272: FutureWarning: 'multi_class' was deprecated in version 1.5 and will be removed in 1.8. From then on, it will always use 'multinomial'. Leave it to its default value to avoid this warning.
  warnings.warn(
C:\Users\yutok\AppData\Local\Programs\Python\Python310\lib\site-packages\sklearn\linear_model\_logistic.py:1272: FutureWarning: 'multi_class' was deprecated in version 1.5 and will be removed in 1.8. From then on, it will always use 'multinomial'. Leave it to its default value to avoid this warning.
  warnings.warn(
C:\Users\yutok\AppData\Local\Programs\Python\Python310\lib\site-packages\sklearn\linear_model\_logistic.py:1272: FutureWarning: 'multi_class' was deprecated in version 1.5 and will be removed in 1.8. From then on, it will always use 'multinomial'. Leave it to its default value to avoid this warning.
  warnings.warn(
C:\Users\yutok\AppData\Local\Programs\Python\Python310\lib\site-packages\sklearn\linear_model\_logistic.py:1272: FutureWarning: 'multi_class' was deprecated in version 1.5 and will be removed in 1.8. From then on, it will always use 'multinomial'. Leave it to its default value to avoid this warning.
  warnings.warn(
C:\Users\yutok\AppData\Local\Programs\Python\Python310\lib\site-packages\sklearn\linear_model\_logistic.py:1272: FutureWarning: 'multi_class' was deprecated in version 1.5 and will be removed in 1.8. From then on, it will always use 'multinomial'. Leave it to its default value to avoid this warning.
  warnings.warn(
C:\Users\yutok\AppData\Local\Programs\Python\Python310\lib\site-packages\sklearn\linear_model\_logistic.py:1272: FutureWarning: 'multi_class' was deprecated in version 1.5 and will be removed in 1.8. From then on, it will always use 'multinomial'. Leave it to its default value to avoid this warning.
  warnings.warn(
C:\Users\yutok\AppData\Local\Programs\Python\Python310\lib\site-packages\sklearn\linear_model\_logistic.py:1272: FutureWarning: 'multi_class' was deprecated in version 1.5 and will be removed in 1.8. From then on, it will always use 'multinomial'. Leave it to its default value to avoid this warning.
  warnings.warn(
C:\Users\yutok\AppData\Local\Programs\Python\Python310\lib\site-packages\sklearn\linear_model\_logistic.py:1272: FutureWarning: 'multi_class' was deprecated in version 1.5 and will be removed in 1.8. From then on, it will always use 'multinomial'. Leave it to its default value to avoid this warning.
  warnings.warn(
C:\Users\yutok\AppData\Local\Programs\Python\Python310\lib\site-packages\sklearn\linear_model\_logistic.py:1272: FutureWarning: 'multi_class' was deprecated in version 1.5 and will be removed in 1.8. From then on, it will always use 'multinomial'. Leave it to its default value to avoid this warning.
  warnings.warn(
C:\Users\yutok\AppData\Local\Programs\Python\Python310\lib\site-packages\sklearn\linear_model\_logistic.py:1272: FutureWarning: 'multi_class' was deprecated in version 1.5 and will be removed in 1.8. From then on, it will always use 'multinomial'. Leave it to its default value to avoid this warning.
  warnings.warn(
C:\Users\yutok\AppData\Local\Programs\Python\Python310\lib\site-packages\sklearn\linear_model\_logistic.py:1272: FutureWarning: 'multi_class' was deprecated in version 1.5 and will be removed in 1.8. From then on, it will always use 'multinomial'. Leave it to its default value to avoid this warning.
  warnings.warn(
C:\Users\yutok\AppData\Local\Programs\Python\Python310\lib\site-packages\sklearn\linear_model\_logistic.py:1272: FutureWarning: 'multi_class' was deprecated in version 1.5 and will be removed in 1.8. From then on, it will always use 'multinomial'. Leave it to its default value to avoid this warning.
  warnings.warn(
C:\Users\yutok\AppData\Local\Programs\Python\Python310\lib\site-packages\sklearn\linear_model\_logistic.py:1272: FutureWarning: 'multi_class' was deprecated in version 1.5 and will be removed in 1.8. From then on, it will always use 'multinomial'. Leave it to its default value to avoid this warning.
  warnings.warn(
C:\Users\yutok\AppData\Local\Programs\Python\Python310\lib\site-packages\sklearn\linear_model\_logistic.py:1272: FutureWarning: 'multi_class' was deprecated in version 1.5 and will be removed in 1.8. From then on, it will always use 'multinomial'. Leave it to its default value to avoid this warning.
  warnings.warn(
C:\Users\yutok\AppData\Local\Programs\Python\Python310\lib\site-packages\sklearn\linear_model\_logistic.py:1272: FutureWarning: 'multi_class' was deprecated in version 1.5 and will be removed in 1.8. From then on, it will always use 'multinomial'. Leave it to its default value to avoid this warning.
  warnings.warn(
C:\Users\yutok\AppData\Local\Programs\Python\Python310\lib\site-packages\sklearn\linear_model\_logistic.py:1272: FutureWarning: 'multi_class' was deprecated in version 1.5 and will be removed in 1.8. From then on, it will always use 'multinomial'. Leave it to its default value to avoid this warning.
  warnings.warn(
C:\Users\yutok\AppData\Local\Programs\Python\Python310\lib\site-packages\sklearn\linear_model\_logistic.py:1272: FutureWarning: 'multi_class' was deprecated in version 1.5 and will be removed in 1.8. From then on, it will always use 'multinomial'. Leave it to its default value to avoid this warning.
  warnings.warn(
C:\Users\yutok\AppData\Local\Programs\Python\Python310\lib\site-packages\sklearn\linear_model\_logistic.py:1272: FutureWarning: 'multi_class' was deprecated in version 1.5 and will be removed in 1.8. From then on, it will always use 'multinomial'. Leave it to its default value to avoid this warning.
  warnings.warn(
C:\Users\yutok\AppData\Local\Programs\Python\Python310\lib\site-packages\sklearn\linear_model\_logistic.py:1272: FutureWarning: 'multi_class' was deprecated in version 1.5 and will be removed in 1.8. From then on, it will always use 'multinomial'. Leave it to its default value to avoid this warning.
  warnings.warn(
C:\Users\yutok\AppData\Local\Programs\Python\Python310\lib\site-packages\sklearn\linear_model\_logistic.py:1272: FutureWarning: 'multi_class' was deprecated in version 1.5 and will be removed in 1.8. From then on, it will always use 'multinomial'. Leave it to its default value to avoid this warning.
  warnings.warn(
C:\Users\yutok\AppData\Local\Programs\Python\Python310\lib\site-packages\sklearn\linear_model\_logistic.py:1272: FutureWarning: 'multi_class' was deprecated in version 1.5 and will be removed in 1.8. From then on, it will always use 'multinomial'. Leave it to its default value to avoid this warning.
  warnings.warn(
C:\Users\yutok\AppData\Local\Programs\Python\Python310\lib\site-packages\sklearn\linear_model\_logistic.py:1272: FutureWarning: 'multi_class' was deprecated in version 1.5 and will be removed in 1.8. From then on, it will always use 'multinomial'. Leave it to its default value to avoid this warning.
  warnings.warn(
C:\Users\yutok\AppData\Local\Programs\Python\Python310\lib\site-packages\sklearn\linear_model\_logistic.py:1272: FutureWarning: 'multi_class' was deprecated in version 1.5 and will be removed in 1.8. From then on, it will always use 'multinomial'. Leave it to its default value to avoid this warning.
  warnings.warn(
C:\Users\yutok\AppData\Local\Programs\Python\Python310\lib\site-packages\sklearn\linear_model\_logistic.py:1272: FutureWarning: 'multi_class' was deprecated in version 1.5 and will be removed in 1.8. From then on, it will always use 'multinomial'. Leave it to its default value to avoid this warning.
  warnings.warn(
C:\Users\yutok\AppData\Local\Programs\Python\Python310\lib\site-packages\sklearn\linear_model\_logistic.py:1272: FutureWarning: 'multi_class' was deprecated in version 1.5 and will be removed in 1.8. From then on, it will always use 'multinomial'. Leave it to its default value to avoid this warning.
  warnings.warn(
C:\Users\yutok\AppData\Local\Programs\Python\Python310\lib\site-packages\sklearn\linear_model\_logistic.py:1272: FutureWarning: 'multi_class' was deprecated in version 1.5 and will be removed in 1.8. From then on, it will always use 'multinomial'. Leave it to its default value to avoid this warning.
  warnings.warn(
C:\Users\yutok\AppData\Local\Programs\Python\Python310\lib\site-packages\sklearn\linear_model\_logistic.py:1272: FutureWarning: 'multi_class' was deprecated in version 1.5 and will be removed in 1.8. From then on, it will always use 'multinomial'. Leave it to its default value to avoid this warning.
  warnings.warn(
C:\Users\yutok\AppData\Local\Programs\Python\Python310\lib\site-packages\sklearn\linear_model\_logistic.py:1272: FutureWarning: 'multi_class' was deprecated in version 1.5 and will be removed in 1.8. From then on, it will always use 'multinomial'. Leave it to its default value to avoid this warning.
  warnings.warn(
C:\Users\yutok\AppData\Local\Programs\Python\Python310\lib\site-packages\sklearn\linear_model\_logistic.py:1272: FutureWarning: 'multi_class' was deprecated in version 1.5 and will be removed in 1.8. From then on, it will always use 'multinomial'. Leave it to its default value to avoid this warning.
  warnings.warn(
C:\Users\yutok\AppData\Local\Programs\Python\Python310\lib\site-packages\sklearn\linear_model\_logistic.py:1272: FutureWarning: 'multi_class' was deprecated in version 1.5 and will be removed in 1.8. From then on, it will always use 'multinomial'. Leave it to its default value to avoid this warning.
  warnings.warn(
C:\Users\yutok\AppData\Local\Programs\Python\Python310\lib\site-packages\sklearn\linear_model\_logistic.py:1272: FutureWarning: 'multi_class' was deprecated in version 1.5 and will be removed in 1.8. From then on, it will always use 'multinomial'. Leave it to its default value to avoid this warning.
  warnings.warn(
C:\Users\yutok\AppData\Local\Programs\Python\Python310\lib\site-packages\sklearn\linear_model\_logistic.py:1272: FutureWarning: 'multi_class' was deprecated in version 1.5 and will be removed in 1.8. From then on, it will always use 'multinomial'. Leave it to its default value to avoid this warning.
  warnings.warn(
C:\Users\yutok\AppData\Local\Programs\Python\Python310\lib\site-packages\sklearn\linear_model\_logistic.py:1272: FutureWarning: 'multi_class' was deprecated in version 1.5 and will be removed in 1.8. From then on, it will always use 'multinomial'. Leave it to its default value to avoid this warning.
  warnings.warn(
C:\Users\yutok\AppData\Local\Programs\Python\Python310\lib\site-packages\sklearn\linear_model\_logistic.py:1272: FutureWarning: 'multi_class' was deprecated in version 1.5 and will be removed in 1.8. From then on, it will always use 'multinomial'. Leave it to its default value to avoid this warning.
  warnings.warn(
C:\Users\yutok\AppData\Local\Programs\Python\Python310\lib\site-packages\sklearn\linear_model\_logistic.py:1272: FutureWarning: 'multi_class' was deprecated in version 1.5 and will be removed in 1.8. From then on, it will always use 'multinomial'. Leave it to its default value to avoid this warning.
  warnings.warn(
C:\Users\yutok\AppData\Local\Programs\Python\Python310\lib\site-packages\sklearn\linear_model\_logistic.py:1272: FutureWarning: 'multi_class' was deprecated in version 1.5 and will be removed in 1.8. From then on, it will always use 'multinomial'. Leave it to its default value to avoid this warning.
  warnings.warn(
C:\Users\yutok\AppData\Local\Programs\Python\Python310\lib\site-packages\sklearn\linear_model\_logistic.py:1272: FutureWarning: 'multi_class' was deprecated in version 1.5 and will be removed in 1.8. From then on, it will always use 'multinomial'. Leave it to its default value to avoid this warning.
  warnings.warn(
C:\Users\yutok\AppData\Local\Programs\Python\Python310\lib\site-packages\sklearn\linear_model\_logistic.py:1272: FutureWarning: 'multi_class' was deprecated in version 1.5 and will be removed in 1.8. From then on, it will always use 'multinomial'. Leave it to its default value to avoid this warning.
  warnings.warn(
C:\Users\yutok\AppData\Local\Programs\Python\Python310\lib\site-packages\sklearn\linear_model\_logistic.py:1272: FutureWarning: 'multi_class' was deprecated in version 1.5 and will be removed in 1.8. From then on, it will always use 'multinomial'. Leave it to its default value to avoid this warning.
  warnings.warn(
C:\Users\yutok\AppData\Local\Programs\Python\Python310\lib\site-packages\sklearn\linear_model\_logistic.py:1272: FutureWarning: 'multi_class' was deprecated in version 1.5 and will be removed in 1.8. From then on, it will always use 'multinomial'. Leave it to its default value to avoid this warning.
  warnings.warn(
C:\Users\yutok\AppData\Local\Programs\Python\Python310\lib\site-packages\sklearn\linear_model\_logistic.py:1272: FutureWarning: 'multi_class' was deprecated in version 1.5 and will be removed in 1.8. From then on, it will always use 'multinomial'. Leave it to its default value to avoid this warning.
  warnings.warn(
C:\Users\yutok\AppData\Local\Programs\Python\Python310\lib\site-packages\sklearn\linear_model\_logistic.py:1272: FutureWarning: 'multi_class' was deprecated in version 1.5 and will be removed in 1.8. From then on, it will always use 'multinomial'. Leave it to its default value to avoid this warning.
  warnings.warn(
C:\Users\yutok\AppData\Local\Programs\Python\Python310\lib\site-packages\sklearn\linear_model\_logistic.py:1272: FutureWarning: 'multi_class' was deprecated in version 1.5 and will be removed in 1.8. From then on, it will always use 'multinomial'. Leave it to its default value to avoid this warning.
  warnings.warn(
C:\Users\yutok\AppData\Local\Programs\Python\Python310\lib\site-packages\sklearn\linear_model\_logistic.py:1272: FutureWarning: 'multi_class' was deprecated in version 1.5 and will be removed in 1.8. From then on, it will always use 'multinomial'. Leave it to its default value to avoid this warning.
  warnings.warn(
C:\Users\yutok\AppData\Local\Programs\Python\Python310\lib\site-packages\sklearn\linear_model\_logistic.py:1272: FutureWarning: 'multi_class' was deprecated in version 1.5 and will be removed in 1.8. From then on, it will always use 'multinomial'. Leave it to its default value to avoid this warning.
  warnings.warn(
C:\Users\yutok\AppData\Local\Programs\Python\Python310\lib\site-packages\sklearn\linear_model\_logistic.py:1272: FutureWarning: 'multi_class' was deprecated in version 1.5 and will be removed in 1.8. From then on, it will always use 'multinomial'. Leave it to its default value to avoid this warning.
  warnings.warn(
C:\Users\yutok\AppData\Local\Programs\Python\Python310\lib\site-packages\sklearn\linear_model\_logistic.py:1272: FutureWarning: 'multi_class' was deprecated in version 1.5 and will be removed in 1.8. From then on, it will always use 'multinomial'. Leave it to its default value to avoid this warning.
  warnings.warn(
C:\Users\yutok\AppData\Local\Programs\Python\Python310\lib\site-packages\sklearn\linear_model\_logistic.py:1272: FutureWarning: 'multi_class' was deprecated in version 1.5 and will be removed in 1.8. From then on, it will always use 'multinomial'. Leave it to its default value to avoid this warning.
  warnings.warn(
C:\Users\yutok\AppData\Local\Programs\Python\Python310\lib\site-packages\sklearn\linear_model\_logistic.py:1272: FutureWarning: 'multi_class' was deprecated in version 1.5 and will be removed in 1.8. From then on, it will always use 'multinomial'. Leave it to its default value to avoid this warning.
  warnings.warn(
C:\Users\yutok\AppData\Local\Programs\Python\Python310\lib\site-packages\sklearn\linear_model\_logistic.py:1272: FutureWarning: 'multi_class' was deprecated in version 1.5 and will be removed in 1.8. From then on, it will always use 'multinomial'. Leave it to its default value to avoid this warning.
  warnings.warn(
C:\Users\yutok\AppData\Local\Programs\Python\Python310\lib\site-packages\sklearn\linear_model\_logistic.py:1272: FutureWarning: 'multi_class' was deprecated in version 1.5 and will be removed in 1.8. From then on, it will always use 'multinomial'. Leave it to its default value to avoid this warning.
  warnings.warn(
C:\Users\yutok\AppData\Local\Programs\Python\Python310\lib\site-packages\sklearn\linear_model\_logistic.py:1272: FutureWarning: 'multi_class' was deprecated in version 1.5 and will be removed in 1.8. From then on, it will always use 'multinomial'. Leave it to its default value to avoid this warning.
  warnings.warn(
C:\Users\yutok\AppData\Local\Programs\Python\Python310\lib\site-packages\sklearn\linear_model\_logistic.py:1272: FutureWarning: 'multi_class' was deprecated in version 1.5 and will be removed in 1.8. From then on, it will always use 'multinomial'. Leave it to its default value to avoid this warning.
  warnings.warn(
C:\Users\yutok\AppData\Local\Programs\Python\Python310\lib\site-packages\sklearn\linear_model\_logistic.py:1272: FutureWarning: 'multi_class' was deprecated in version 1.5 and will be removed in 1.8. From then on, it will always use 'multinomial'. Leave it to its default value to avoid this warning.
  warnings.warn(
C:\Users\yutok\AppData\Local\Programs\Python\Python310\lib\site-packages\sklearn\linear_model\_logistic.py:1272: FutureWarning: 'multi_class' was deprecated in version 1.5 and will be removed in 1.8. From then on, it will always use 'multinomial'. Leave it to its default value to avoid this warning.
  warnings.warn(
C:\Users\yutok\AppData\Local\Programs\Python\Python310\lib\site-packages\sklearn\linear_model\_logistic.py:1272: FutureWarning: 'multi_class' was deprecated in version 1.5 and will be removed in 1.8. From then on, it will always use 'multinomial'. Leave it to its default value to avoid this warning.
  warnings.warn(
C:\Users\yutok\AppData\Local\Programs\Python\Python310\lib\site-packages\sklearn\linear_model\_logistic.py:1272: FutureWarning: 'multi_class' was deprecated in version 1.5 and will be removed in 1.8. From then on, it will always use 'multinomial'. Leave it to its default value to avoid this warning.
  warnings.warn(
C:\Users\yutok\AppData\Local\Programs\Python\Python310\lib\site-packages\sklearn\linear_model\_logistic.py:1272: FutureWarning: 'multi_class' was deprecated in version 1.5 and will be removed in 1.8. From then on, it will always use 'multinomial'. Leave it to its default value to avoid this warning.
  warnings.warn(
C:\Users\yutok\AppData\Local\Programs\Python\Python310\lib\site-packages\sklearn\linear_model\_logistic.py:1272: FutureWarning: 'multi_class' was deprecated in version 1.5 and will be removed in 1.8. From then on, it will always use 'multinomial'. Leave it to its default value to avoid this warning.
  warnings.warn(
C:\Users\yutok\AppData\Local\Programs\Python\Python310\lib\site-packages\sklearn\linear_model\_logistic.py:1272: FutureWarning: 'multi_class' was deprecated in version 1.5 and will be removed in 1.8. From then on, it will always use 'multinomial'. Leave it to its default value to avoid this warning.
  warnings.warn(
C:\Users\yutok\AppData\Local\Programs\Python\Python310\lib\site-packages\sklearn\linear_model\_logistic.py:1272: FutureWarning: 'multi_class' was deprecated in version 1.5 and will be removed in 1.8. From then on, it will always use 'multinomial'. Leave it to its default value to avoid this warning.
  warnings.warn(
C:\Users\yutok\AppData\Local\Programs\Python\Python310\lib\site-packages\sklearn\linear_model\_logistic.py:1272: FutureWarning: 'multi_class' was deprecated in version 1.5 and will be removed in 1.8. From then on, it will always use 'multinomial'. Leave it to its default value to avoid this warning.
  warnings.warn(
C:\Users\yutok\AppData\Local\Programs\Python\Python310\lib\site-packages\sklearn\linear_model\_logistic.py:1272: FutureWarning: 'multi_class' was deprecated in version 1.5 and will be removed in 1.8. From then on, it will always use 'multinomial'. Leave it to its default value to avoid this warning.
  warnings.warn(
C:\Users\yutok\AppData\Local\Programs\Python\Python310\lib\site-packages\sklearn\linear_model\_logistic.py:1272: FutureWarning: 'multi_class' was deprecated in version 1.5 and will be removed in 1.8. From then on, it will always use 'multinomial'. Leave it to its default value to avoid this warning.
  warnings.warn(
C:\Users\yutok\AppData\Local\Programs\Python\Python310\lib\site-packages\sklearn\linear_model\_logistic.py:1272: FutureWarning: 'multi_class' was deprecated in version 1.5 and will be removed in 1.8. From then on, it will always use 'multinomial'. Leave it to its default value to avoid this warning.
  warnings.warn(
C:\Users\yutok\AppData\Local\Programs\Python\Python310\lib\site-packages\sklearn\linear_model\_logistic.py:1272: FutureWarning: 'multi_class' was deprecated in version 1.5 and will be removed in 1.8. From then on, it will always use 'multinomial'. Leave it to its default value to avoid this warning.
  warnings.warn(
C:\Users\yutok\AppData\Local\Programs\Python\Python310\lib\site-packages\sklearn\linear_model\_logistic.py:1272: FutureWarning: 'multi_class' was deprecated in version 1.5 and will be removed in 1.8. From then on, it will always use 'multinomial'. Leave it to its default value to avoid this warning.
  warnings.warn(
C:\Users\yutok\AppData\Local\Programs\Python\Python310\lib\site-packages\sklearn\linear_model\_logistic.py:1272: FutureWarning: 'multi_class' was deprecated in version 1.5 and will be removed in 1.8. From then on, it will always use 'multinomial'. Leave it to its default value to avoid this warning.
  warnings.warn(
C:\Users\yutok\AppData\Local\Programs\Python\Python310\lib\site-packages\sklearn\linear_model\_logistic.py:1272: FutureWarning: 'multi_class' was deprecated in version 1.5 and will be removed in 1.8. From then on, it will always use 'multinomial'. Leave it to its default value to avoid this warning.
  warnings.warn(
C:\Users\yutok\AppData\Local\Programs\Python\Python310\lib\site-packages\sklearn\linear_model\_logistic.py:1272: FutureWarning: 'multi_class' was deprecated in version 1.5 and will be removed in 1.8. From then on, it will always use 'multinomial'. Leave it to its default value to avoid this warning.
  warnings.warn(
C:\Users\yutok\AppData\Local\Programs\Python\Python310\lib\site-packages\sklearn\linear_model\_logistic.py:1272: FutureWarning: 'multi_class' was deprecated in version 1.5 and will be removed in 1.8. From then on, it will always use 'multinomial'. Leave it to its default value to avoid this warning.
  warnings.warn(
C:\Users\yutok\AppData\Local\Programs\Python\Python310\lib\site-packages\sklearn\linear_model\_logistic.py:1272: FutureWarning: 'multi_class' was deprecated in version 1.5 and will be removed in 1.8. From then on, it will always use 'multinomial'. Leave it to its default value to avoid this warning.
  warnings.warn(
C:\Users\yutok\AppData\Local\Programs\Python\Python310\lib\site-packages\sklearn\linear_model\_logistic.py:1272: FutureWarning: 'multi_class' was deprecated in version 1.5 and will be removed in 1.8. From then on, it will always use 'multinomial'. Leave it to its default value to avoid this warning.
  warnings.warn(
C:\Users\yutok\AppData\Local\Programs\Python\Python310\lib\site-packages\sklearn\linear_model\_logistic.py:1272: FutureWarning: 'multi_class' was deprecated in version 1.5 and will be removed in 1.8. From then on, it will always use 'multinomial'. Leave it to its default value to avoid this warning.
  warnings.warn(
C:\Users\yutok\AppData\Local\Programs\Python\Python310\lib\site-packages\sklearn\linear_model\_logistic.py:1272: FutureWarning: 'multi_class' was deprecated in version 1.5 and will be removed in 1.8. From then on, it will always use 'multinomial'. Leave it to its default value to avoid this warning.
  warnings.warn(
C:\Users\yutok\AppData\Local\Programs\Python\Python310\lib\site-packages\sklearn\linear_model\_logistic.py:1272: FutureWarning: 'multi_class' was deprecated in version 1.5 and will be removed in 1.8. From then on, it will always use 'multinomial'. Leave it to its default value to avoid this warning.
  warnings.warn(
C:\Users\yutok\AppData\Local\Programs\Python\Python310\lib\site-packages\sklearn\linear_model\_logistic.py:1272: FutureWarning: 'multi_class' was deprecated in version 1.5 and will be removed in 1.8. From then on, it will always use 'multinomial'. Leave it to its default value to avoid this warning.
  warnings.warn(
C:\Users\yutok\AppData\Local\Programs\Python\Python310\lib\site-packages\sklearn\linear_model\_logistic.py:1272: FutureWarning: 'multi_class' was deprecated in version 1.5 and will be removed in 1.8. From then on, it will always use 'multinomial'. Leave it to its default value to avoid this warning.
  warnings.warn(
C:\Users\yutok\AppData\Local\Programs\Python\Python310\lib\site-packages\sklearn\linear_model\_logistic.py:1272: FutureWarning: 'multi_class' was deprecated in version 1.5 and will be removed in 1.8. From then on, it will always use 'multinomial'. Leave it to its default value to avoid this warning.
  warnings.warn(
C:\Users\yutok\AppData\Local\Programs\Python\Python310\lib\site-packages\sklearn\linear_model\_logistic.py:1272: FutureWarning: 'multi_class' was deprecated in version 1.5 and will be removed in 1.8. From then on, it will always use 'multinomial'. Leave it to its default value to avoid this warning.
  warnings.warn(
C:\Users\yutok\AppData\Local\Programs\Python\Python310\lib\site-packages\sklearn\linear_model\_logistic.py:1272: FutureWarning: 'multi_class' was deprecated in version 1.5 and will be removed in 1.8. From then on, it will always use 'multinomial'. Leave it to its default value to avoid this warning.
  warnings.warn(
C:\Users\yutok\AppData\Local\Programs\Python\Python310\lib\site-packages\sklearn\linear_model\_logistic.py:1272: FutureWarning: 'multi_class' was deprecated in version 1.5 and will be removed in 1.8. From then on, it will always use 'multinomial'. Leave it to its default value to avoid this warning.
  warnings.warn(
C:\Users\yutok\AppData\Local\Programs\Python\Python310\lib\site-packages\sklearn\linear_model\_logistic.py:1272: FutureWarning: 'multi_class' was deprecated in version 1.5 and will be removed in 1.8. From then on, it will always use 'multinomial'. Leave it to its default value to avoid this warning.
  warnings.warn(
C:\Users\yutok\AppData\Local\Programs\Python\Python310\lib\site-packages\sklearn\linear_model\_logistic.py:1272: FutureWarning: 'multi_class' was deprecated in version 1.5 and will be removed in 1.8. From then on, it will always use 'multinomial'. Leave it to its default value to avoid this warning.
  warnings.warn(
C:\Users\yutok\AppData\Local\Programs\Python\Python310\lib\site-packages\sklearn\linear_model\_logistic.py:1272: FutureWarning: 'multi_class' was deprecated in version 1.5 and will be removed in 1.8. From then on, it will always use 'multinomial'. Leave it to its default value to avoid this warning.
  warnings.warn(
C:\Users\yutok\AppData\Local\Programs\Python\Python310\lib\site-packages\sklearn\linear_model\_logistic.py:1272: FutureWarning: 'multi_class' was deprecated in version 1.5 and will be removed in 1.8. From then on, it will always use 'multinomial'. Leave it to its default value to avoid this warning.
  warnings.warn(
C:\Users\yutok\AppData\Local\Programs\Python\Python310\lib\site-packages\sklearn\linear_model\_logistic.py:1272: FutureWarning: 'multi_class' was deprecated in version 1.5 and will be removed in 1.8. From then on, it will always use 'multinomial'. Leave it to its default value to avoid this warning.
  warnings.warn(
C:\Users\yutok\AppData\Local\Programs\Python\Python310\lib\site-packages\sklearn\linear_model\_logistic.py:1272: FutureWarning: 'multi_class' was deprecated in version 1.5 and will be removed in 1.8. From then on, it will always use 'multinomial'. Leave it to its default value to avoid this warning.
  warnings.warn(
C:\Users\yutok\AppData\Local\Programs\Python\Python310\lib\site-packages\sklearn\linear_model\_logistic.py:1272: FutureWarning: 'multi_class' was deprecated in version 1.5 and will be removed in 1.8. From then on, it will always use 'multinomial'. Leave it to its default value to avoid this warning.
  warnings.warn(
C:\Users\yutok\AppData\Local\Programs\Python\Python310\lib\site-packages\sklearn\linear_model\_logistic.py:1272: FutureWarning: 'multi_class' was deprecated in version 1.5 and will be removed in 1.8. From then on, it will always use 'multinomial'. Leave it to its default value to avoid this warning.
  warnings.warn(
C:\Users\yutok\AppData\Local\Programs\Python\Python310\lib\site-packages\sklearn\linear_model\_logistic.py:1272: FutureWarning: 'multi_class' was deprecated in version 1.5 and will be removed in 1.8. From then on, it will always use 'multinomial'. Leave it to its default value to avoid this warning.
  warnings.warn(
C:\Users\yutok\AppData\Local\Programs\Python\Python310\lib\site-packages\sklearn\linear_model\_logistic.py:1272: FutureWarning: 'multi_class' was deprecated in version 1.5 and will be removed in 1.8. From then on, it will always use 'multinomial'. Leave it to its default value to avoid this warning.
  warnings.warn(
C:\Users\yutok\AppData\Local\Programs\Python\Python310\lib\site-packages\sklearn\linear_model\_logistic.py:1272: FutureWarning: 'multi_class' was deprecated in version 1.5 and will be removed in 1.8. From then on, it will always use 'multinomial'. Leave it to its default value to avoid this warning.
  warnings.warn(
C:\Users\yutok\AppData\Local\Programs\Python\Python310\lib\site-packages\sklearn\linear_model\_logistic.py:1272: FutureWarning: 'multi_class' was deprecated in version 1.5 and will be removed in 1.8. From then on, it will always use 'multinomial'. Leave it to its default value to avoid this warning.
  warnings.warn(
C:\Users\yutok\AppData\Local\Programs\Python\Python310\lib\site-packages\sklearn\linear_model\_logistic.py:1272: FutureWarning: 'multi_class' was deprecated in version 1.5 and will be removed in 1.8. From then on, it will always use 'multinomial'. Leave it to its default value to avoid this warning.
  warnings.warn(
C:\Users\yutok\AppData\Local\Programs\Python\Python310\lib\site-packages\sklearn\linear_model\_logistic.py:1272: FutureWarning: 'multi_class' was deprecated in version 1.5 and will be removed in 1.8. From then on, it will always use 'multinomial'. Leave it to its default value to avoid this warning.
  warnings.warn(
C:\Users\yutok\AppData\Local\Programs\Python\Python310\lib\site-packages\sklearn\linear_model\_logistic.py:1272: FutureWarning: 'multi_class' was deprecated in version 1.5 and will be removed in 1.8. From then on, it will always use 'multinomial'. Leave it to its default value to avoid this warning.
  warnings.warn(
C:\Users\yutok\AppData\Local\Programs\Python\Python310\lib\site-packages\sklearn\linear_model\_logistic.py:1272: FutureWarning: 'multi_class' was deprecated in version 1.5 and will be removed in 1.8. From then on, it will always use 'multinomial'. Leave it to its default value to avoid this warning.
  warnings.warn(
C:\Users\yutok\AppData\Local\Programs\Python\Python310\lib\site-packages\sklearn\linear_model\_logistic.py:1272: FutureWarning: 'multi_class' was deprecated in version 1.5 and will be removed in 1.8. From then on, it will always use 'multinomial'. Leave it to its default value to avoid this warning.
  warnings.warn(
C:\Users\yutok\AppData\Local\Programs\Python\Python310\lib\site-packages\sklearn\linear_model\_logistic.py:1272: FutureWarning: 'multi_class' was deprecated in version 1.5 and will be removed in 1.8. From then on, it will always use 'multinomial'. Leave it to its default value to avoid this warning.
  warnings.warn(
C:\Users\yutok\AppData\Local\Programs\Python\Python310\lib\site-packages\sklearn\linear_model\_logistic.py:1272: FutureWarning: 'multi_class' was deprecated in version 1.5 and will be removed in 1.8. From then on, it will always use 'multinomial'. Leave it to its default value to avoid this warning.
  warnings.warn(
C:\Users\yutok\AppData\Local\Programs\Python\Python310\lib\site-packages\sklearn\linear_model\_logistic.py:1272: FutureWarning: 'multi_class' was deprecated in version 1.5 and will be removed in 1.8. From then on, it will always use 'multinomial'. Leave it to its default value to avoid this warning.
  warnings.warn(
C:\Users\yutok\AppData\Local\Programs\Python\Python310\lib\site-packages\sklearn\linear_model\_logistic.py:1272: FutureWarning: 'multi_class' was deprecated in version 1.5 and will be removed in 1.8. From then on, it will always use 'multinomial'. Leave it to its default value to avoid this warning.
  warnings.warn(
C:\Users\yutok\AppData\Local\Programs\Python\Python310\lib\site-packages\sklearn\linear_model\_logistic.py:1272: FutureWarning: 'multi_class' was deprecated in version 1.5 and will be removed in 1.8. From then on, it will always use 'multinomial'. Leave it to its default value to avoid this warning.
  warnings.warn(
C:\Users\yutok\AppData\Local\Programs\Python\Python310\lib\site-packages\sklearn\linear_model\_logistic.py:1272: FutureWarning: 'multi_class' was deprecated in version 1.5 and will be removed in 1.8. From then on, it will always use 'multinomial'. Leave it to its default value to avoid this warning.
  warnings.warn(
C:\Users\yutok\AppData\Local\Programs\Python\Python310\lib\site-packages\sklearn\linear_model\_logistic.py:1272: FutureWarning: 'multi_class' was deprecated in version 1.5 and will be removed in 1.8. From then on, it will always use 'multinomial'. Leave it to its default value to avoid this warning.
  warnings.warn(
C:\Users\yutok\AppData\Local\Programs\Python\Python310\lib\site-packages\sklearn\linear_model\_logistic.py:1272: FutureWarning: 'multi_class' was deprecated in version 1.5 and will be removed in 1.8. From then on, it will always use 'multinomial'. Leave it to its default value to avoid this warning.
  warnings.warn(
C:\Users\yutok\AppData\Local\Programs\Python\Python310\lib\site-packages\sklearn\linear_model\_logistic.py:1272: FutureWarning: 'multi_class' was deprecated in version 1.5 and will be removed in 1.8. From then on, it will always use 'multinomial'. Leave it to its default value to avoid this warning.
  warnings.warn(
C:\Users\yutok\AppData\Local\Programs\Python\Python310\lib\site-packages\sklearn\linear_model\_logistic.py:1272: FutureWarning: 'multi_class' was deprecated in version 1.5 and will be removed in 1.8. From then on, it will always use 'multinomial'. Leave it to its default value to avoid this warning.
  warnings.warn(
C:\Users\yutok\AppData\Local\Programs\Python\Python310\lib\site-packages\sklearn\linear_model\_logistic.py:1272: FutureWarning: 'multi_class' was deprecated in version 1.5 and will be removed in 1.8. From then on, it will always use 'multinomial'. Leave it to its default value to avoid this warning.
  warnings.warn(
C:\Users\yutok\AppData\Local\Programs\Python\Python310\lib\site-packages\sklearn\linear_model\_logistic.py:1272: FutureWarning: 'multi_class' was deprecated in version 1.5 and will be removed in 1.8. From then on, it will always use 'multinomial'. Leave it to its default value to avoid this warning.
  warnings.warn(
C:\Users\yutok\AppData\Local\Programs\Python\Python310\lib\site-packages\sklearn\linear_model\_logistic.py:1272: FutureWarning: 'multi_class' was deprecated in version 1.5 and will be removed in 1.8. From then on, it will always use 'multinomial'. Leave it to its default value to avoid this warning.
  warnings.warn(
C:\Users\yutok\AppData\Local\Programs\Python\Python310\lib\site-packages\sklearn\linear_model\_logistic.py:1272: FutureWarning: 'multi_class' was deprecated in version 1.5 and will be removed in 1.8. From then on, it will always use 'multinomial'. Leave it to its default value to avoid this warning.
  warnings.warn(
C:\Users\yutok\AppData\Local\Programs\Python\Python310\lib\site-packages\sklearn\linear_model\_logistic.py:1272: FutureWarning: 'multi_class' was deprecated in version 1.5 and will be removed in 1.8. From then on, it will always use 'multinomial'. Leave it to its default value to avoid this warning.
  warnings.warn(
C:\Users\yutok\AppData\Local\Programs\Python\Python310\lib\site-packages\sklearn\linear_model\_logistic.py:1272: FutureWarning: 'multi_class' was deprecated in version 1.5 and will be removed in 1.8. From then on, it will always use 'multinomial'. Leave it to its default value to avoid this warning.
  warnings.warn(
C:\Users\yutok\AppData\Local\Programs\Python\Python310\lib\site-packages\sklearn\linear_model\_logistic.py:1272: FutureWarning: 'multi_class' was deprecated in version 1.5 and will be removed in 1.8. From then on, it will always use 'multinomial'. Leave it to its default value to avoid this warning.
  warnings.warn(
C:\Users\yutok\AppData\Local\Programs\Python\Python310\lib\site-packages\sklearn\linear_model\_logistic.py:1272: FutureWarning: 'multi_class' was deprecated in version 1.5 and will be removed in 1.8. From then on, it will always use 'multinomial'. Leave it to its default value to avoid this warning.
  warnings.warn(
C:\Users\yutok\AppData\Local\Programs\Python\Python310\lib\site-packages\sklearn\linear_model\_logistic.py:1272: FutureWarning: 'multi_class' was deprecated in version 1.5 and will be removed in 1.8. From then on, it will always use 'multinomial'. Leave it to its default value to avoid this warning.
  warnings.warn(
C:\Users\yutok\AppData\Local\Programs\Python\Python310\lib\site-packages\sklearn\linear_model\_logistic.py:1272: FutureWarning: 'multi_class' was deprecated in version 1.5 and will be removed in 1.8. From then on, it will always use 'multinomial'. Leave it to its default value to avoid this warning.
  warnings.warn(
C:\Users\yutok\AppData\Local\Programs\Python\Python310\lib\site-packages\sklearn\linear_model\_logistic.py:1272: FutureWarning: 'multi_class' was deprecated in version 1.5 and will be removed in 1.8. From then on, it will always use 'multinomial'. Leave it to its default value to avoid this warning.
  warnings.warn(
C:\Users\yutok\AppData\Local\Programs\Python\Python310\lib\site-packages\sklearn\linear_model\_logistic.py:1272: FutureWarning: 'multi_class' was deprecated in version 1.5 and will be removed in 1.8. From then on, it will always use 'multinomial'. Leave it to its default value to avoid this warning.
  warnings.warn(
C:\Users\yutok\AppData\Local\Programs\Python\Python310\lib\site-packages\sklearn\linear_model\_logistic.py:1272: FutureWarning: 'multi_class' was deprecated in version 1.5 and will be removed in 1.8. From then on, it will always use 'multinomial'. Leave it to its default value to avoid this warning.
  warnings.warn(
C:\Users\yutok\AppData\Local\Programs\Python\Python310\lib\site-packages\sklearn\linear_model\_logistic.py:1272: FutureWarning: 'multi_class' was deprecated in version 1.5 and will be removed in 1.8. From then on, it will always use 'multinomial'. Leave it to its default value to avoid this warning.
  warnings.warn(
C:\Users\yutok\AppData\Local\Programs\Python\Python310\lib\site-packages\sklearn\linear_model\_logistic.py:1272: FutureWarning: 'multi_class' was deprecated in version 1.5 and will be removed in 1.8. From then on, it will always use 'multinomial'. Leave it to its default value to avoid this warning.
  warnings.warn(
C:\Users\yutok\AppData\Local\Programs\Python\Python310\lib\site-packages\sklearn\linear_model\_logistic.py:1272: FutureWarning: 'multi_class' was deprecated in version 1.5 and will be removed in 1.8. From then on, it will always use 'multinomial'. Leave it to its default value to avoid this warning.
  warnings.warn(
C:\Users\yutok\AppData\Local\Programs\Python\Python310\lib\site-packages\sklearn\linear_model\_logistic.py:1272: FutureWarning: 'multi_class' was deprecated in version 1.5 and will be removed in 1.8. From then on, it will always use 'multinomial'. Leave it to its default value to avoid this warning.
  warnings.warn(
C:\Users\yutok\AppData\Local\Programs\Python\Python310\lib\site-packages\sklearn\linear_model\_logistic.py:1272: FutureWarning: 'multi_class' was deprecated in version 1.5 and will be removed in 1.8. From then on, it will always use 'multinomial'. Leave it to its default value to avoid this warning.
  warnings.warn(
C:\Users\yutok\AppData\Local\Programs\Python\Python310\lib\site-packages\sklearn\linear_model\_logistic.py:1272: FutureWarning: 'multi_class' was deprecated in version 1.5 and will be removed in 1.8. From then on, it will always use 'multinomial'. Leave it to its default value to avoid this warning.
  warnings.warn(
C:\Users\yutok\AppData\Local\Programs\Python\Python310\lib\site-packages\sklearn\linear_model\_logistic.py:1272: FutureWarning: 'multi_class' was deprecated in version 1.5 and will be removed in 1.8. From then on, it will always use 'multinomial'. Leave it to its default value to avoid this warning.
  warnings.warn(
C:\Users\yutok\AppData\Local\Programs\Python\Python310\lib\site-packages\sklearn\linear_model\_logistic.py:1272: FutureWarning: 'multi_class' was deprecated in version 1.5 and will be removed in 1.8. From then on, it will always use 'multinomial'. Leave it to its default value to avoid this warning.
  warnings.warn(
C:\Users\yutok\AppData\Local\Programs\Python\Python310\lib\site-packages\sklearn\linear_model\_logistic.py:1272: FutureWarning: 'multi_class' was deprecated in version 1.5 and will be removed in 1.8. From then on, it will always use 'multinomial'. Leave it to its default value to avoid this warning.
  warnings.warn(
C:\Users\yutok\AppData\Local\Programs\Python\Python310\lib\site-packages\sklearn\linear_model\_logistic.py:1272: FutureWarning: 'multi_class' was deprecated in version 1.5 and will be removed in 1.8. From then on, it will always use 'multinomial'. Leave it to its default value to avoid this warning.
  warnings.warn(
C:\Users\yutok\AppData\Local\Programs\Python\Python310\lib\site-packages\sklearn\linear_model\_logistic.py:1272: FutureWarning: 'multi_class' was deprecated in version 1.5 and will be removed in 1.8. From then on, it will always use 'multinomial'. Leave it to its default value to avoid this warning.
  warnings.warn(
C:\Users\yutok\AppData\Local\Programs\Python\Python310\lib\site-packages\sklearn\linear_model\_logistic.py:1272: FutureWarning: 'multi_class' was deprecated in version 1.5 and will be removed in 1.8. From then on, it will always use 'multinomial'. Leave it to its default value to avoid this warning.
  warnings.warn(
C:\Users\yutok\AppData\Local\Programs\Python\Python310\lib\site-packages\sklearn\linear_model\_logistic.py:1272: FutureWarning: 'multi_class' was deprecated in version 1.5 and will be removed in 1.8. From then on, it will always use 'multinomial'. Leave it to its default value to avoid this warning.
  warnings.warn(
C:\Users\yutok\AppData\Local\Programs\Python\Python310\lib\site-packages\sklearn\linear_model\_logistic.py:1272: FutureWarning: 'multi_class' was deprecated in version 1.5 and will be removed in 1.8. From then on, it will always use 'multinomial'. Leave it to its default value to avoid this warning.
  warnings.warn(
C:\Users\yutok\AppData\Local\Programs\Python\Python310\lib\site-packages\sklearn\linear_model\_logistic.py:1272: FutureWarning: 'multi_class' was deprecated in version 1.5 and will be removed in 1.8. From then on, it will always use 'multinomial'. Leave it to its default value to avoid this warning.
  warnings.warn(
C:\Users\yutok\AppData\Local\Programs\Python\Python310\lib\site-packages\sklearn\linear_model\_logistic.py:1272: FutureWarning: 'multi_class' was deprecated in version 1.5 and will be removed in 1.8. From then on, it will always use 'multinomial'. Leave it to its default value to avoid this warning.
  warnings.warn(
C:\Users\yutok\AppData\Local\Programs\Python\Python310\lib\site-packages\sklearn\linear_model\_logistic.py:1272: FutureWarning: 'multi_class' was deprecated in version 1.5 and will be removed in 1.8. From then on, it will always use 'multinomial'. Leave it to its default value to avoid this warning.
  warnings.warn(
C:\Users\yutok\AppData\Local\Programs\Python\Python310\lib\site-packages\sklearn\linear_model\_logistic.py:1272: FutureWarning: 'multi_class' was deprecated in version 1.5 and will be removed in 1.8. From then on, it will always use 'multinomial'. Leave it to its default value to avoid this warning.
  warnings.warn(
C:\Users\yutok\AppData\Local\Programs\Python\Python310\lib\site-packages\sklearn\linear_model\_logistic.py:1272: FutureWarning: 'multi_class' was deprecated in version 1.5 and will be removed in 1.8. From then on, it will always use 'multinomial'. Leave it to its default value to avoid this warning.
  warnings.warn(
C:\Users\yutok\AppData\Local\Programs\Python\Python310\lib\site-packages\sklearn\linear_model\_logistic.py:1272: FutureWarning: 'multi_class' was deprecated in version 1.5 and will be removed in 1.8. From then on, it will always use 'multinomial'. Leave it to its default value to avoid this warning.
  warnings.warn(
C:\Users\yutok\AppData\Local\Programs\Python\Python310\lib\site-packages\sklearn\linear_model\_logistic.py:1272: FutureWarning: 'multi_class' was deprecated in version 1.5 and will be removed in 1.8. From then on, it will always use 'multinomial'. Leave it to its default value to avoid this warning.
  warnings.warn(
C:\Users\yutok\AppData\Local\Programs\Python\Python310\lib\site-packages\sklearn\linear_model\_logistic.py:1272: FutureWarning: 'multi_class' was deprecated in version 1.5 and will be removed in 1.8. From then on, it will always use 'multinomial'. Leave it to its default value to avoid this warning.
  warnings.warn(
C:\Users\yutok\AppData\Local\Programs\Python\Python310\lib\site-packages\sklearn\linear_model\_logistic.py:1272: FutureWarning: 'multi_class' was deprecated in version 1.5 and will be removed in 1.8. From then on, it will always use 'multinomial'. Leave it to its default value to avoid this warning.
  warnings.warn(
C:\Users\yutok\AppData\Local\Programs\Python\Python310\lib\site-packages\sklearn\linear_model\_logistic.py:1272: FutureWarning: 'multi_class' was deprecated in version 1.5 and will be removed in 1.8. From then on, it will always use 'multinomial'. Leave it to its default value to avoid this warning.
  warnings.warn(
C:\Users\yutok\AppData\Local\Programs\Python\Python310\lib\site-packages\sklearn\linear_model\_logistic.py:1272: FutureWarning: 'multi_class' was deprecated in version 1.5 and will be removed in 1.8. From then on, it will always use 'multinomial'. Leave it to its default value to avoid this warning.
  warnings.warn(
C:\Users\yutok\AppData\Local\Programs\Python\Python310\lib\site-packages\sklearn\linear_model\_logistic.py:1272: FutureWarning: 'multi_class' was deprecated in version 1.5 and will be removed in 1.8. From then on, it will always use 'multinomial'. Leave it to its default value to avoid this warning.
  warnings.warn(
C:\Users\yutok\AppData\Local\Programs\Python\Python310\lib\site-packages\sklearn\linear_model\_logistic.py:1272: FutureWarning: 'multi_class' was deprecated in version 1.5 and will be removed in 1.8. From then on, it will always use 'multinomial'. Leave it to its default value to avoid this warning.
  warnings.warn(
C:\Users\yutok\AppData\Local\Programs\Python\Python310\lib\site-packages\sklearn\linear_model\_logistic.py:1272: FutureWarning: 'multi_class' was deprecated in version 1.5 and will be removed in 1.8. From then on, it will always use 'multinomial'. Leave it to its default value to avoid this warning.
  warnings.warn(
C:\Users\yutok\AppData\Local\Programs\Python\Python310\lib\site-packages\sklearn\linear_model\_logistic.py:1272: FutureWarning: 'multi_class' was deprecated in version 1.5 and will be removed in 1.8. From then on, it will always use 'multinomial'. Leave it to its default value to avoid this warning.
  warnings.warn(
C:\Users\yutok\AppData\Local\Programs\Python\Python310\lib\site-packages\sklearn\linear_model\_logistic.py:1272: FutureWarning: 'multi_class' was deprecated in version 1.5 and will be removed in 1.8. From then on, it will always use 'multinomial'. Leave it to its default value to avoid this warning.
  warnings.warn(
C:\Users\yutok\AppData\Local\Programs\Python\Python310\lib\site-packages\sklearn\linear_model\_logistic.py:1272: FutureWarning: 'multi_class' was deprecated in version 1.5 and will be removed in 1.8. From then on, it will always use 'multinomial'. Leave it to its default value to avoid this warning.
  warnings.warn(
C:\Users\yutok\AppData\Local\Programs\Python\Python310\lib\site-packages\sklearn\linear_model\_logistic.py:1272: FutureWarning: 'multi_class' was deprecated in version 1.5 and will be removed in 1.8. From then on, it will always use 'multinomial'. Leave it to its default value to avoid this warning.
  warnings.warn(
C:\Users\yutok\AppData\Local\Programs\Python\Python310\lib\site-packages\sklearn\linear_model\_logistic.py:1272: FutureWarning: 'multi_class' was deprecated in version 1.5 and will be removed in 1.8. From then on, it will always use 'multinomial'. Leave it to its default value to avoid this warning.
  warnings.warn(
C:\Users\yutok\AppData\Local\Programs\Python\Python310\lib\site-packages\sklearn\linear_model\_logistic.py:1272: FutureWarning: 'multi_class' was deprecated in version 1.5 and will be removed in 1.8. From then on, it will always use 'multinomial'. Leave it to its default value to avoid this warning.
  warnings.warn(
C:\Users\yutok\AppData\Local\Programs\Python\Python310\lib\site-packages\sklearn\linear_model\_logistic.py:1272: FutureWarning: 'multi_class' was deprecated in version 1.5 and will be removed in 1.8. From then on, it will always use 'multinomial'. Leave it to its default value to avoid this warning.
  warnings.warn(
C:\Users\yutok\AppData\Local\Programs\Python\Python310\lib\site-packages\sklearn\linear_model\_logistic.py:1272: FutureWarning: 'multi_class' was deprecated in version 1.5 and will be removed in 1.8. From then on, it will always use 'multinomial'. Leave it to its default value to avoid this warning.
  warnings.warn(
C:\Users\yutok\AppData\Local\Programs\Python\Python310\lib\site-packages\sklearn\linear_model\_logistic.py:1272: FutureWarning: 'multi_class' was deprecated in version 1.5 and will be removed in 1.8. From then on, it will always use 'multinomial'. Leave it to its default value to avoid this warning.
  warnings.warn(
C:\Users\yutok\AppData\Local\Programs\Python\Python310\lib\site-packages\sklearn\linear_model\_logistic.py:1272: FutureWarning: 'multi_class' was deprecated in version 1.5 and will be removed in 1.8. From then on, it will always use 'multinomial'. Leave it to its default value to avoid this warning.
  warnings.warn(
C:\Users\yutok\AppData\Local\Programs\Python\Python310\lib\site-packages\sklearn\linear_model\_logistic.py:1272: FutureWarning: 'multi_class' was deprecated in version 1.5 and will be removed in 1.8. From then on, it will always use 'multinomial'. Leave it to its default value to avoid this warning.
  warnings.warn(
C:\Users\yutok\AppData\Local\Programs\Python\Python310\lib\site-packages\sklearn\linear_model\_logistic.py:1272: FutureWarning: 'multi_class' was deprecated in version 1.5 and will be removed in 1.8. From then on, it will always use 'multinomial'. Leave it to its default value to avoid this warning.
  warnings.warn(
C:\Users\yutok\AppData\Local\Programs\Python\Python310\lib\site-packages\sklearn\linear_model\_logistic.py:1272: FutureWarning: 'multi_class' was deprecated in version 1.5 and will be removed in 1.8. From then on, it will always use 'multinomial'. Leave it to its default value to avoid this warning.
  warnings.warn(
C:\Users\yutok\AppData\Local\Programs\Python\Python310\lib\site-packages\sklearn\linear_model\_logistic.py:1272: FutureWarning: 'multi_class' was deprecated in version 1.5 and will be removed in 1.8. From then on, it will always use 'multinomial'. Leave it to its default value to avoid this warning.
  warnings.warn(
C:\Users\yutok\AppData\Local\Programs\Python\Python310\lib\site-packages\sklearn\linear_model\_logistic.py:1272: FutureWarning: 'multi_class' was deprecated in version 1.5 and will be removed in 1.8. From then on, it will always use 'multinomial'. Leave it to its default value to avoid this warning.
  warnings.warn(
C:\Users\yutok\AppData\Local\Programs\Python\Python310\lib\site-packages\sklearn\linear_model\_logistic.py:1272: FutureWarning: 'multi_class' was deprecated in version 1.5 and will be removed in 1.8. From then on, it will always use 'multinomial'. Leave it to its default value to avoid this warning.
  warnings.warn(
C:\Users\yutok\AppData\Local\Programs\Python\Python310\lib\site-packages\sklearn\linear_model\_logistic.py:1272: FutureWarning: 'multi_class' was deprecated in version 1.5 and will be removed in 1.8. From then on, it will always use 'multinomial'. Leave it to its default value to avoid this warning.
  warnings.warn(
C:\Users\yutok\AppData\Local\Programs\Python\Python310\lib\site-packages\sklearn\linear_model\_logistic.py:1272: FutureWarning: 'multi_class' was deprecated in version 1.5 and will be removed in 1.8. From then on, it will always use 'multinomial'. Leave it to its default value to avoid this warning.
  warnings.warn(
C:\Users\yutok\AppData\Local\Programs\Python\Python310\lib\site-packages\sklearn\linear_model\_logistic.py:1272: FutureWarning: 'multi_class' was deprecated in version 1.5 and will be removed in 1.8. From then on, it will always use 'multinomial'. Leave it to its default value to avoid this warning.
  warnings.warn(
C:\Users\yutok\AppData\Local\Programs\Python\Python310\lib\site-packages\sklearn\linear_model\_logistic.py:1272: FutureWarning: 'multi_class' was deprecated in version 1.5 and will be removed in 1.8. From then on, it will always use 'multinomial'. Leave it to its default value to avoid this warning.
  warnings.warn(
C:\Users\yutok\AppData\Local\Programs\Python\Python310\lib\site-packages\sklearn\linear_model\_logistic.py:1272: FutureWarning: 'multi_class' was deprecated in version 1.5 and will be removed in 1.8. From then on, it will always use 'multinomial'. Leave it to its default value to avoid this warning.
  warnings.warn(
C:\Users\yutok\AppData\Local\Programs\Python\Python310\lib\site-packages\sklearn\linear_model\_logistic.py:1272: FutureWarning: 'multi_class' was deprecated in version 1.5 and will be removed in 1.8. From then on, it will always use 'multinomial'. Leave it to its default value to avoid this warning.
  warnings.warn(
C:\Users\yutok\AppData\Local\Programs\Python\Python310\lib\site-packages\sklearn\linear_model\_logistic.py:1272: FutureWarning: 'multi_class' was deprecated in version 1.5 and will be removed in 1.8. From then on, it will always use 'multinomial'. Leave it to its default value to avoid this warning.
  warnings.warn(
C:\Users\yutok\AppData\Local\Programs\Python\Python310\lib\site-packages\sklearn\linear_model\_logistic.py:1272: FutureWarning: 'multi_class' was deprecated in version 1.5 and will be removed in 1.8. From then on, it will always use 'multinomial'. Leave it to its default value to avoid this warning.
  warnings.warn(
C:\Users\yutok\AppData\Local\Programs\Python\Python310\lib\site-packages\sklearn\linear_model\_logistic.py:1272: FutureWarning: 'multi_class' was deprecated in version 1.5 and will be removed in 1.8. From then on, it will always use 'multinomial'. Leave it to its default value to avoid this warning.
  warnings.warn(
C:\Users\yutok\AppData\Local\Programs\Python\Python310\lib\site-packages\sklearn\linear_model\_logistic.py:1272: FutureWarning: 'multi_class' was deprecated in version 1.5 and will be removed in 1.8. From then on, it will always use 'multinomial'. Leave it to its default value to avoid this warning.
  warnings.warn(
C:\Users\yutok\AppData\Local\Programs\Python\Python310\lib\site-packages\sklearn\linear_model\_logistic.py:1272: FutureWarning: 'multi_class' was deprecated in version 1.5 and will be removed in 1.8. From then on, it will always use 'multinomial'. Leave it to its default value to avoid this warning.
  warnings.warn(
C:\Users\yutok\AppData\Local\Programs\Python\Python310\lib\site-packages\sklearn\linear_model\_logistic.py:1272: FutureWarning: 'multi_class' was deprecated in version 1.5 and will be removed in 1.8. From then on, it will always use 'multinomial'. Leave it to its default value to avoid this warning.
  warnings.warn(
C:\Users\yutok\AppData\Local\Programs\Python\Python310\lib\site-packages\sklearn\linear_model\_logistic.py:1272: FutureWarning: 'multi_class' was deprecated in version 1.5 and will be removed in 1.8. From then on, it will always use 'multinomial'. Leave it to its default value to avoid this warning.
  warnings.warn(
C:\Users\yutok\AppData\Local\Programs\Python\Python310\lib\site-packages\sklearn\linear_model\_logistic.py:1272: FutureWarning: 'multi_class' was deprecated in version 1.5 and will be removed in 1.8. From then on, it will always use 'multinomial'. Leave it to its default value to avoid this warning.
  warnings.warn(
C:\Users\yutok\AppData\Local\Programs\Python\Python310\lib\site-packages\sklearn\linear_model\_logistic.py:1272: FutureWarning: 'multi_class' was deprecated in version 1.5 and will be removed in 1.8. From then on, it will always use 'multinomial'. Leave it to its default value to avoid this warning.
  warnings.warn(
C:\Users\yutok\AppData\Local\Programs\Python\Python310\lib\site-packages\sklearn\linear_model\_logistic.py:1272: FutureWarning: 'multi_class' was deprecated in version 1.5 and will be removed in 1.8. From then on, it will always use 'multinomial'. Leave it to its default value to avoid this warning.
  warnings.warn(
C:\Users\yutok\AppData\Local\Programs\Python\Python310\lib\site-packages\sklearn\linear_model\_logistic.py:1272: FutureWarning: 'multi_class' was deprecated in version 1.5 and will be removed in 1.8. From then on, it will always use 'multinomial'. Leave it to its default value to avoid this warning.
  warnings.warn(
C:\Users\yutok\AppData\Local\Programs\Python\Python310\lib\site-packages\sklearn\linear_model\_logistic.py:1272: FutureWarning: 'multi_class' was deprecated in version 1.5 and will be removed in 1.8. From then on, it will always use 'multinomial'. Leave it to its default value to avoid this warning.
  warnings.warn(
C:\Users\yutok\AppData\Local\Programs\Python\Python310\lib\site-packages\sklearn\linear_model\_logistic.py:1272: FutureWarning: 'multi_class' was deprecated in version 1.5 and will be removed in 1.8. From then on, it will always use 'multinomial'. Leave it to its default value to avoid this warning.
  warnings.warn(
C:\Users\yutok\AppData\Local\Programs\Python\Python310\lib\site-packages\sklearn\linear_model\_logistic.py:1272: FutureWarning: 'multi_class' was deprecated in version 1.5 and will be removed in 1.8. From then on, it will always use 'multinomial'. Leave it to its default value to avoid this warning.
  warnings.warn(
C:\Users\yutok\AppData\Local\Programs\Python\Python310\lib\site-packages\sklearn\linear_model\_logistic.py:1272: FutureWarning: 'multi_class' was deprecated in version 1.5 and will be removed in 1.8. From then on, it will always use 'multinomial'. Leave it to its default value to avoid this warning.
  warnings.warn(
C:\Users\yutok\AppData\Local\Programs\Python\Python310\lib\site-packages\sklearn\linear_model\_logistic.py:1272: FutureWarning: 'multi_class' was deprecated in version 1.5 and will be removed in 1.8. From then on, it will always use 'multinomial'. Leave it to its default value to avoid this warning.
  warnings.warn(
C:\Users\yutok\AppData\Local\Programs\Python\Python310\lib\site-packages\sklearn\linear_model\_logistic.py:1272: FutureWarning: 'multi_class' was deprecated in version 1.5 and will be removed in 1.8. From then on, it will always use 'multinomial'. Leave it to its default value to avoid this warning.
  warnings.warn(
C:\Users\yutok\AppData\Local\Programs\Python\Python310\lib\site-packages\sklearn\linear_model\_logistic.py:1272: FutureWarning: 'multi_class' was deprecated in version 1.5 and will be removed in 1.8. From then on, it will always use 'multinomial'. Leave it to its default value to avoid this warning.
  warnings.warn(
C:\Users\yutok\AppData\Local\Programs\Python\Python310\lib\site-packages\sklearn\linear_model\_logistic.py:1272: FutureWarning: 'multi_class' was deprecated in version 1.5 and will be removed in 1.8. From then on, it will always use 'multinomial'. Leave it to its default value to avoid this warning.
  warnings.warn(
C:\Users\yutok\AppData\Local\Programs\Python\Python310\lib\site-packages\sklearn\linear_model\_logistic.py:1272: FutureWarning: 'multi_class' was deprecated in version 1.5 and will be removed in 1.8. From then on, it will always use 'multinomial'. Leave it to its default value to avoid this warning.
  warnings.warn(
C:\Users\yutok\AppData\Local\Programs\Python\Python310\lib\site-packages\sklearn\linear_model\_logistic.py:1272: FutureWarning: 'multi_class' was deprecated in version 1.5 and will be removed in 1.8. From then on, it will always use 'multinomial'. Leave it to its default value to avoid this warning.
  warnings.warn(
Wrote future_directions figures and latex/future_directions_snippet.tex
Wrote appendix figures and latex/appendix_assumed_supplementary.tex
Done. Outputs:
- Report: D:\Programing\繧ｭ繧ｫ繧ｬ繧ｯ\final_report.md
- LaTeX: D:\Programing\繧ｭ繧ｫ繧ｬ繧ｯ\latex\final_report.tex
